2021-05-01 02:49:38,437 MainThread INFO This is an heartbeat message
2021-05-01 02:49:38,450 Thread-1 INFO The catalogA_status : UP
2021-05-01 02:49:38,451 Thread-2 INFO The catalogB_status : UP
2021-05-01 02:49:38,452 Thread-3 INFO The orderA_status : UP
2021-05-01 02:49:38,453 Thread-4 INFO The orderB_status : UP
2021-05-01 02:49:39,452 Thread-1 INFO The catalogA_status : UP
2021-05-01 02:49:39,453 Thread-2 INFO The catalogB_status : UP
2021-05-01 02:49:39,454 Thread-3 INFO The orderA_status : UP
2021-05-01 02:49:39,455 Thread-4 INFO The orderB_status : UP
2021-05-01 02:49:40,454 Thread-1 INFO The catalogA_status : UP
2021-05-01 02:49:40,457 Thread-2 INFO The catalogB_status : UP
2021-05-01 02:49:40,457 Thread-3 INFO The orderA_status : UP
2021-05-01 02:49:40,457 Thread-4 INFO The orderB_status : UP
2021-05-01 02:49:41,456 Thread-1 INFO The catalogA_status : UP
2021-05-01 02:49:41,458 Thread-2 INFO The catalogB_status : UP
2021-05-01 02:49:41,459 Thread-4 INFO The orderB_status : UP
2021-05-01 02:49:41,459 Thread-3 INFO The orderA_status : UP
2021-05-01 02:49:42,458 Thread-1 INFO The catalogA_status : UP
2021-05-01 02:49:42,459 Thread-2 INFO The catalogB_status : UP
2021-05-01 02:49:42,461 Thread-4 INFO The orderB_status : UP
2021-05-01 02:49:42,462 Thread-3 INFO The orderA_status : UP
2021-05-01 02:49:43,461 Thread-2 INFO The catalogB_status : UP
2021-05-01 02:49:43,461 Thread-1 INFO The catalogA_status : UP
2021-05-01 02:49:43,463 Thread-4 INFO The orderB_status : UP
2021-05-01 02:49:43,464 Thread-3 INFO The orderA_status : UP
2021-05-01 02:49:44,463 Thread-1 INFO The catalogA_status : UP
2021-05-01 02:49:44,464 Thread-2 INFO The catalogB_status : UP
2021-05-01 02:49:44,465 Thread-4 INFO The orderB_status : UP
2021-05-01 02:49:44,466 Thread-3 INFO The orderA_status : UP
2021-05-01 02:49:45,466 Thread-2 INFO The catalogB_status : UP
2021-05-01 02:49:45,466 Thread-1 INFO The catalogA_status : UP
2021-05-01 02:49:45,467 Thread-4 INFO The orderB_status : UP
2021-05-01 02:49:45,468 Thread-3 INFO The orderA_status : UP
2021-05-01 02:49:46,468 Thread-1 INFO The catalogA_status : UP
2021-05-01 02:49:46,468 Thread-2 INFO The catalogB_status : UP
2021-05-01 02:49:46,469 Thread-4 INFO The orderB_status : UP
2021-05-01 02:49:46,470 Thread-3 INFO The orderA_status : UP
2021-05-01 02:49:47,470 Thread-1 INFO The catalogA_status : UP
2021-05-01 02:49:47,470 Thread-2 INFO The catalogB_status : UP
2021-05-01 02:49:47,471 Thread-4 INFO The orderB_status : UP
2021-05-01 02:49:47,472 Thread-3 INFO The orderA_status : UP
2021-05-01 02:49:48,472 Thread-1 INFO The catalogA_status : UP
2021-05-01 02:49:48,473 Thread-4 INFO The orderB_status : UP
2021-05-01 02:49:48,473 Thread-2 INFO The catalogB_status : UP
2021-05-01 02:49:48,474 Thread-3 INFO The orderA_status : UP
2021-05-01 02:49:49,475 Thread-4 INFO The orderB_status : UP
2021-05-01 02:49:49,476 Thread-2 INFO The catalogB_status : UP
2021-05-01 02:49:49,476 Thread-1 INFO The catalogA_status : UP
2021-05-01 02:49:49,477 Thread-3 INFO The orderA_status : UP
2021-05-01 02:49:50,478 Thread-1 INFO The catalogA_status : UP
2021-05-01 02:49:50,478 Thread-4 INFO The orderB_status : UP
2021-05-01 02:49:50,478 Thread-2 INFO The catalogB_status : UP
2021-05-01 02:49:50,480 Thread-3 INFO The orderA_status : UP
2021-05-01 02:49:51,480 Thread-2 INFO The catalogB_status : UP
2021-05-01 02:49:51,481 Thread-4 INFO The orderB_status : UP
2021-05-01 02:49:51,481 Thread-1 INFO The catalogA_status : UP
2021-05-01 02:49:51,482 Thread-3 INFO The orderA_status : UP
2021-05-01 02:49:52,483 Thread-4 INFO The orderB_status : UP
2021-05-01 02:49:52,483 Thread-2 INFO The catalogB_status : UP
2021-05-01 02:49:52,484 Thread-1 INFO The catalogA_status : UP
2021-05-01 02:49:52,485 Thread-3 INFO The orderA_status : UP
2021-05-01 02:49:53,485 Thread-2 INFO The catalogB_status : UP
2021-05-01 02:49:53,486 Thread-4 INFO The orderB_status : UP
2021-05-01 02:49:53,486 Thread-1 INFO The catalogA_status : UP
2021-05-01 02:49:53,487 Thread-3 INFO The orderA_status : UP
2021-05-01 02:49:54,488 Thread-1 INFO The catalogA_status : UP
2021-05-01 02:49:54,488 Thread-4 INFO The orderB_status : UP
2021-05-01 02:49:54,489 Thread-2 INFO The catalogB_status : UP
2021-05-01 02:49:54,489 Thread-3 INFO The orderA_status : UP
2021-05-01 02:49:55,491 Thread-2 INFO The catalogB_status : UP
2021-05-01 02:49:55,491 Thread-3 INFO The orderA_status : UP
2021-05-01 02:49:55,492 Thread-4 INFO The orderB_status : UP
2021-05-01 02:49:55,492 Thread-1 INFO The catalogA_status : UP
2021-05-01 02:49:56,493 Thread-2 INFO The catalogB_status : UP
2021-05-01 02:49:56,494 Thread-3 INFO The orderA_status : UP
2021-05-01 02:49:56,495 Thread-4 INFO The orderB_status : UP
2021-05-01 02:49:56,495 Thread-1 INFO The catalogA_status : UP
2021-05-01 02:49:57,496 Thread-3 INFO The orderA_status : UP
2021-05-01 02:49:57,497 Thread-2 INFO The catalogB_status : UP
2021-05-01 02:49:57,497 Thread-4 INFO The orderB_status : UP
2021-05-01 02:49:57,498 Thread-1 INFO The catalogA_status : UP
2021-05-01 02:49:58,499 Thread-3 INFO The orderA_status : UP
2021-05-01 02:49:58,499 Thread-2 INFO The catalogB_status : UP
2021-05-01 02:49:58,500 Thread-4 INFO The orderB_status : UP
2021-05-01 02:49:58,500 Thread-1 INFO The catalogA_status : UP
2021-05-01 02:49:59,502 Thread-3 INFO The orderA_status : UP
2021-05-01 02:49:59,502 Thread-2 INFO The catalogB_status : UP
2021-05-01 02:49:59,503 Thread-4 INFO The orderB_status : UP
2021-05-01 02:49:59,503 Thread-1 INFO The catalogA_status : UP
2021-05-01 02:50:00,505 Thread-3 INFO The orderA_status : UP
2021-05-01 02:50:00,505 Thread-2 INFO The catalogB_status : UP
2021-05-01 02:50:00,505 Thread-4 INFO The orderB_status : UP
2021-05-01 02:50:00,506 Thread-1 INFO The catalogA_status : UP
2021-05-01 02:50:01,507 Thread-4 INFO The orderB_status : UP
2021-05-01 02:50:01,508 Thread-3 INFO The orderA_status : UP
2021-05-01 02:50:01,508 Thread-2 INFO The catalogB_status : UP
2021-05-01 02:50:01,509 Thread-1 INFO The catalogA_status : UP
2021-05-01 02:50:02,510 Thread-3 INFO The orderA_status : UP
2021-05-01 02:50:02,511 Thread-2 INFO The catalogB_status : UP
2021-05-01 02:50:02,511 Thread-4 INFO The orderB_status : UP
2021-05-01 02:50:02,512 Thread-1 INFO The catalogA_status : UP
2021-05-01 02:50:03,513 Thread-3 INFO The orderA_status : UP
2021-05-01 02:50:03,514 Thread-2 INFO The catalogB_status : UP
2021-05-01 02:50:03,514 Thread-4 INFO The orderB_status : UP
2021-05-01 02:50:03,515 Thread-1 INFO The catalogA_status : UP
2021-05-01 02:50:04,516 Thread-2 INFO The catalogB_status : UP
2021-05-01 02:50:04,517 Thread-4 INFO The orderB_status : UP
2021-05-01 02:50:04,517 Thread-3 INFO The orderA_status : UP
2021-05-01 02:50:04,518 Thread-1 INFO The catalogA_status : UP
2021-05-01 02:50:05,519 Thread-4 INFO The orderB_status : UP
2021-05-01 02:50:05,520 Thread-2 INFO The catalogB_status : UP
2021-05-01 02:50:05,520 Thread-3 INFO The orderA_status : UP
2021-05-01 02:50:05,520 Thread-1 INFO The catalogA_status : UP
2021-05-01 02:50:06,522 Thread-2 INFO The catalogB_status : UP
2021-05-01 02:50:06,523 Thread-4 INFO The orderB_status : UP
2021-05-01 02:50:06,523 Thread-3 INFO The orderA_status : UP
2021-05-01 02:50:06,524 Thread-1 INFO The catalogA_status : UP
2021-05-01 02:50:07,525 Thread-4 INFO The orderB_status : UP
2021-05-01 02:50:07,526 Thread-3 INFO The orderA_status : UP
2021-05-01 02:50:07,526 Thread-2 INFO The catalogB_status : UP
2021-05-01 02:50:07,527 Thread-1 INFO The catalogA_status : UP
2021-05-01 02:50:08,527 Thread-4 INFO The orderB_status : UP
2021-05-01 02:50:08,529 Thread-3 INFO The orderA_status : UP
2021-05-01 02:50:08,529 Thread-2 INFO The catalogB_status : UP
2021-05-01 02:50:08,529 Thread-1 INFO The catalogA_status : UP
2021-05-01 02:50:09,532 Thread-1 INFO The catalogA_status : UP
2021-05-01 02:50:09,532 Thread-3 INFO The orderA_status : UP
2021-05-01 02:50:09,532 Thread-2 INFO The catalogB_status : UP
2021-05-01 02:50:09,533 Thread-4 INFO The orderB_status : UP
2021-05-01 02:50:10,535 Thread-3 INFO The orderA_status : UP
2021-05-01 02:50:10,535 Thread-1 INFO The catalogA_status : UP
2021-05-01 02:50:10,536 Thread-2 INFO The catalogB_status : UP
2021-05-01 02:50:10,536 Thread-4 INFO The orderB_status : UP
2021-05-01 02:50:11,537 Thread-1 INFO The catalogA_status : UP
2021-05-01 02:50:11,538 Thread-4 INFO The orderB_status : UP
2021-05-01 02:50:11,538 Thread-2 INFO The catalogB_status : UP
2021-05-01 02:50:11,539 Thread-3 INFO The orderA_status : UP
2021-05-01 02:50:12,540 Thread-1 INFO The catalogA_status : UP
2021-05-01 02:50:12,540 Thread-4 INFO The orderB_status : UP
2021-05-01 02:50:12,541 Thread-2 INFO The catalogB_status : UP
2021-05-01 02:50:12,542 Thread-3 INFO The orderA_status : UP
2021-05-01 02:50:13,542 Thread-1 INFO The catalogA_status : UP
2021-05-01 02:50:13,542 Thread-2 INFO The catalogB_status : UP
2021-05-01 02:50:13,543 Thread-4 INFO The orderB_status : UP
2021-05-01 02:50:13,543 Thread-3 INFO The orderA_status : UP
2021-05-01 02:50:14,545 Thread-4 INFO The orderB_status : UP
2021-05-01 02:50:14,545 Thread-3 INFO The orderA_status : UP
2021-05-01 02:50:14,546 Thread-2 INFO The catalogB_status : UP
2021-05-01 02:50:14,546 Thread-1 INFO The catalogA_status : UP
2021-05-01 02:50:15,548 Thread-3 INFO The orderA_status : UP
2021-05-01 02:50:15,549 Thread-2 INFO The catalogB_status : UP
2021-05-01 02:50:15,549 Thread-4 INFO The orderB_status : UP
2021-05-01 02:50:15,550 Thread-1 INFO The catalogA_status : UP
2021-05-01 02:50:16,551 Thread-3 INFO The orderA_status : UP
2021-05-01 02:50:16,552 Thread-2 INFO The catalogB_status : UP
2021-05-01 02:50:16,552 Thread-4 INFO The orderB_status : UP
2021-05-01 02:50:16,552 Thread-1 INFO The catalogA_status : UP
2021-05-01 02:50:17,554 Thread-2 INFO The catalogB_status : UP
2021-05-01 02:50:17,555 Thread-4 INFO The orderB_status : UP
2021-05-01 02:50:17,555 Thread-1 INFO The catalogA_status : UP
2021-05-01 02:50:17,555 Thread-3 INFO The orderA_status : UP
2021-05-01 02:50:18,558 Thread-2 INFO The catalogB_status : UP
2021-05-01 02:50:18,558 Thread-1 INFO The catalogA_status : UP
2021-05-01 02:50:18,558 Thread-4 INFO The orderB_status : UP
2021-05-01 02:50:18,558 Thread-3 INFO The orderA_status : UP
2021-05-01 02:50:19,560 Thread-1 INFO The catalogA_status : UP
2021-05-01 02:50:19,561 Thread-2 INFO The catalogB_status : UP
2021-05-01 02:50:19,561 Thread-4 INFO The orderB_status : UP
2021-05-01 02:50:19,561 Thread-3 INFO The orderA_status : UP
2021-05-01 02:50:20,563 Thread-2 INFO The catalogB_status : UP
2021-05-01 02:50:20,564 Thread-4 INFO The orderB_status : UP
2021-05-01 02:50:20,564 Thread-1 INFO The catalogA_status : UP
2021-05-01 02:50:20,564 Thread-3 INFO The orderA_status : UP
2021-05-01 02:50:21,567 Thread-1 INFO The catalogA_status : UP
2021-05-01 02:50:21,567 Thread-4 INFO The orderB_status : UP
2021-05-01 02:50:21,567 Thread-3 INFO The orderA_status : UP
2021-05-01 02:50:21,568 Thread-2 INFO The catalogB_status : UP
2021-05-01 02:50:22,570 Thread-4 INFO The orderB_status : UP
2021-05-01 02:50:22,570 Thread-2 INFO The catalogB_status : UP
2021-05-01 02:50:22,570 Thread-1 INFO The catalogA_status : UP
2021-05-01 02:50:22,570 Thread-3 INFO The orderA_status : UP
2021-05-01 02:50:23,572 Thread-1 INFO The catalogA_status : UP
2021-05-01 02:50:23,573 Thread-4 INFO The orderB_status : UP
2021-05-01 02:50:23,573 Thread-2 INFO The catalogB_status : UP
2021-05-01 02:50:23,573 Thread-3 INFO The orderA_status : UP
2021-05-01 02:50:24,575 Thread-2 INFO The catalogB_status : UP
2021-05-01 02:50:24,576 Thread-4 INFO The orderB_status : UP
2021-05-01 02:50:24,576 Thread-3 INFO The orderA_status : UP
2021-05-01 02:50:24,576 Thread-1 INFO The catalogA_status : UP
2021-05-01 02:50:25,578 Thread-3 INFO The orderA_status : UP
2021-05-01 02:50:25,579 Thread-4 INFO The orderB_status : UP
2021-05-01 02:50:25,579 Thread-2 INFO The catalogB_status : UP
2021-05-01 02:50:25,579 Thread-1 INFO The catalogA_status : UP
2021-05-01 02:50:26,581 Thread-2 INFO The catalogB_status : UP
2021-05-01 02:50:26,581 Thread-4 INFO The orderB_status : UP
2021-05-01 02:50:26,582 Thread-1 INFO The catalogA_status : UP
2021-05-01 02:50:26,582 Thread-3 INFO The orderA_status : UP
2021-05-01 02:50:27,584 Thread-1 INFO The catalogA_status : UP
2021-05-01 02:50:27,584 Thread-4 INFO The orderB_status : UP
2021-05-01 02:50:27,585 Thread-2 INFO The catalogB_status : UP
2021-05-01 02:50:27,585 Thread-3 INFO The orderA_status : UP
2021-05-01 02:50:28,587 Thread-2 INFO The catalogB_status : UP
2021-05-01 02:50:28,588 Thread-4 INFO The orderB_status : UP
2021-05-01 02:50:28,588 Thread-1 INFO The catalogA_status : UP
2021-05-01 02:50:28,588 Thread-3 INFO The orderA_status : UP
2021-05-01 02:50:29,589 Thread-1 INFO The catalogA_status : UP
2021-05-01 02:50:29,590 Thread-4 INFO The orderB_status : UP
2021-05-01 02:50:29,591 Thread-3 INFO The orderA_status : UP
2021-05-01 02:50:29,591 Thread-2 INFO The catalogB_status : UP
2021-05-01 02:50:30,592 Thread-4 INFO The orderB_status : UP
2021-05-01 02:50:30,593 Thread-3 INFO The orderA_status : UP
2021-05-01 02:50:30,593 Thread-2 INFO The catalogB_status : UP
2021-05-01 02:50:30,594 Thread-1 INFO The catalogA_status : UP
2021-05-01 02:50:31,595 Thread-4 INFO The orderB_status : UP
2021-05-01 02:50:31,595 Thread-2 INFO The catalogB_status : UP
2021-05-01 02:50:31,596 Thread-3 INFO The orderA_status : UP
2021-05-01 02:50:31,597 Thread-1 INFO The catalogA_status : UP
2021-05-01 02:50:32,597 Thread-4 INFO The orderB_status : UP
2021-05-01 02:50:32,598 Thread-3 INFO The orderA_status : UP
2021-05-01 02:50:32,599 Thread-2 INFO The catalogB_status : UP
2021-05-01 02:50:32,600 Thread-1 INFO The catalogA_status : UP
2021-05-01 02:50:33,602 Thread-3 INFO The orderA_status : UP
2021-05-01 02:50:33,602 Thread-2 INFO The catalogB_status : UP
2021-05-01 02:50:33,602 Thread-4 INFO The orderB_status : UP
2021-05-01 02:50:33,603 Thread-1 INFO The catalogA_status : UP
2021-05-01 02:50:34,604 Thread-3 INFO The orderA_status : UP
2021-05-01 02:50:34,605 Thread-2 INFO The catalogB_status : UP
2021-05-01 02:50:34,605 Thread-4 INFO The orderB_status : UP
2021-05-01 02:50:34,605 Thread-1 INFO The catalogA_status : UP
2021-05-01 02:50:35,607 Thread-3 INFO The orderA_status : UP
2021-05-01 02:50:35,607 Thread-2 INFO The catalogB_status : UP
2021-05-01 02:50:35,608 Thread-4 INFO The orderB_status : UP
2021-05-01 02:50:35,608 Thread-1 INFO The catalogA_status : UP
2021-05-01 02:50:36,609 Thread-2 INFO The catalogB_status : UP
2021-05-01 02:50:36,610 Thread-3 INFO The orderA_status : UP
2021-05-01 02:50:36,610 Thread-1 INFO The catalogA_status : UP
2021-05-01 02:50:36,611 Thread-4 INFO The orderB_status : UP
2021-05-01 02:50:37,612 Thread-2 INFO The catalogB_status : UP
2021-05-01 02:50:37,613 Thread-1 INFO The catalogA_status : UP
2021-05-01 02:50:37,614 Thread-3 INFO The orderA_status : UP
2021-05-01 02:50:37,614 Thread-4 INFO The orderB_status : UP
2021-05-01 02:50:38,614 Thread-2 INFO The catalogB_status : UP
2021-05-01 02:50:38,616 Thread-1 INFO The catalogA_status : UP
2021-05-01 02:50:38,617 Thread-3 INFO The orderA_status : UP
2021-05-01 02:50:38,617 Thread-4 INFO The orderB_status : UP
2021-05-01 02:50:39,617 Thread-2 INFO The catalogB_status : UP
2021-05-01 02:50:39,618 Thread-1 INFO The catalogA_status : UP
2021-05-01 02:50:39,620 Thread-4 INFO The orderB_status : UP
2021-05-01 02:50:39,620 Thread-3 INFO The orderA_status : UP
2021-05-01 02:50:40,619 Thread-2 INFO The catalogB_status : UP
2021-05-01 02:50:40,621 Thread-1 INFO The catalogA_status : UP
2021-05-01 02:50:40,622 Thread-4 INFO The orderB_status : UP
2021-05-01 02:50:40,623 Thread-3 INFO The orderA_status : UP
2021-05-01 02:50:41,621 Thread-2 INFO The catalogB_status : UP
2021-05-01 02:50:41,623 Thread-1 INFO The catalogA_status : UP
2021-05-01 02:50:41,623 Thread-4 INFO The orderB_status : UP
2021-05-01 02:50:41,624 Thread-3 INFO The orderA_status : UP
2021-05-01 02:50:42,624 Thread-2 INFO The catalogB_status : UP
2021-05-01 02:50:42,625 Thread-4 INFO The orderB_status : UP
2021-05-01 02:50:42,625 Thread-1 INFO The catalogA_status : UP
2021-05-01 02:50:42,626 Thread-3 INFO The orderA_status : UP
2021-05-01 02:50:43,626 Thread-4 INFO The orderB_status : UP
2021-05-01 02:50:43,626 Thread-2 INFO The catalogB_status : UP
2021-05-01 02:50:43,627 Thread-1 INFO The catalogA_status : UP
2021-05-01 02:50:43,628 Thread-3 INFO The orderA_status : UP
2021-05-01 02:50:44,628 Thread-1 INFO The catalogA_status : UP
2021-05-01 02:50:44,629 Thread-4 INFO The orderB_status : UP
2021-05-01 02:50:44,629 Thread-2 INFO The catalogB_status : UP
2021-05-01 02:50:44,630 Thread-3 INFO The orderA_status : UP
2021-05-01 02:50:45,631 Thread-1 INFO The catalogA_status : UP
2021-05-01 02:50:45,631 Thread-4 INFO The orderB_status : UP
2021-05-01 02:50:45,631 Thread-2 INFO The catalogB_status : UP
2021-05-01 02:50:45,632 Thread-3 INFO The orderA_status : UP
2021-05-01 02:50:46,633 Thread-4 INFO The orderB_status : UP
2021-05-01 02:50:46,634 Thread-2 INFO The catalogB_status : UP
2021-05-01 02:50:46,634 Thread-1 INFO The catalogA_status : UP
2021-05-01 02:50:46,634 Thread-3 INFO The orderA_status : UP
2021-05-01 02:50:47,636 Thread-1 INFO The catalogA_status : UP
2021-05-01 02:50:47,637 Thread-3 INFO The orderA_status : UP
2021-05-01 02:50:47,638 Thread-2 INFO The catalogB_status : UP
2021-05-01 02:50:47,638 Thread-4 INFO The orderB_status : UP
2021-05-01 02:50:48,638 Thread-1 INFO The catalogA_status : UP
2021-05-01 02:50:48,639 Thread-3 INFO The orderA_status : UP
2021-05-01 02:50:48,640 Thread-4 INFO The orderB_status : UP
2021-05-01 02:50:48,640 Thread-2 INFO The catalogB_status : UP
2021-05-01 02:50:49,641 Thread-1 INFO The catalogA_status : UP
2021-05-01 02:50:49,642 Thread-3 INFO The orderA_status : UP
2021-05-01 02:50:49,643 Thread-4 INFO The orderB_status : UP
2021-05-01 02:50:49,643 Thread-2 INFO The catalogB_status : UP
2021-05-01 02:50:50,643 Thread-1 INFO The catalogA_status : UP
2021-05-01 02:50:50,644 Thread-3 INFO The orderA_status : UP
2021-05-01 02:50:50,645 Thread-4 INFO The orderB_status : UP
2021-05-01 02:50:50,645 Thread-2 INFO The catalogB_status : UP
2021-05-01 02:50:51,646 Thread-1 INFO The catalogA_status : UP
2021-05-01 02:50:51,646 Thread-3 INFO The orderA_status : UP
2021-05-01 02:50:51,648 Thread-2 INFO The catalogB_status : UP
2021-05-01 02:50:51,648 Thread-4 INFO The orderB_status : UP
2021-05-01 02:50:52,648 Thread-1 INFO The catalogA_status : UP
2021-05-01 02:50:52,649 Thread-3 INFO The orderA_status : UP
2021-05-01 02:50:52,650 Thread-4 INFO The orderB_status : UP
2021-05-01 02:50:52,650 Thread-2 INFO The catalogB_status : UP
2021-05-01 02:50:53,650 Thread-3 INFO The orderA_status : UP
2021-05-01 02:50:53,652 Thread-1 INFO The catalogA_status : UP
2021-05-01 02:50:53,652 Thread-4 INFO The orderB_status : UP
2021-05-01 02:50:53,653 Thread-2 INFO The catalogB_status : UP
2021-05-01 02:50:54,654 Thread-3 INFO The orderA_status : UP
2021-05-01 02:50:54,654 Thread-1 INFO The catalogA_status : UP
2021-05-01 02:50:54,655 Thread-2 INFO The catalogB_status : UP
2021-05-01 02:50:54,655 Thread-4 INFO The orderB_status : UP
2021-05-01 02:50:55,657 Thread-3 INFO The orderA_status : UP
2021-05-01 02:50:55,657 Thread-1 INFO The catalogA_status : UP
2021-05-01 02:50:55,658 Thread-4 INFO The orderB_status : UP
2021-05-01 02:50:55,658 Thread-2 INFO The catalogB_status : UP
2021-05-01 02:50:56,660 Thread-4 INFO The orderB_status : UP
2021-05-01 02:50:56,661 Thread-2 INFO The catalogB_status : UP
2021-05-01 02:50:56,661 Thread-3 INFO The orderA_status : UP
2021-05-01 02:50:56,661 Thread-1 INFO The catalogA_status : UP
2021-05-01 02:50:57,662 Thread-2 INFO The catalogB_status : UP
2021-05-01 02:50:57,663 Thread-4 INFO The orderB_status : UP
2021-05-01 02:50:57,663 Thread-3 INFO The orderA_status : UP
2021-05-01 02:50:57,664 Thread-1 INFO The catalogA_status : UP
2021-05-01 02:50:58,665 Thread-2 INFO The catalogB_status : UP
2021-05-01 02:50:58,666 Thread-4 INFO The orderB_status : UP
2021-05-01 02:50:58,666 Thread-3 INFO The orderA_status : UP
2021-05-01 02:50:58,667 Thread-1 INFO The catalogA_status : UP
2021-05-01 02:50:59,669 Thread-3 INFO The orderA_status : UP
2021-05-01 02:50:59,669 Thread-4 INFO The orderB_status : UP
2021-05-01 02:50:59,669 Thread-2 INFO The catalogB_status : UP
2021-05-01 02:50:59,670 Thread-1 INFO The catalogA_status : UP
2021-05-01 02:51:00,671 Thread-4 INFO The orderB_status : UP
2021-05-01 02:51:00,672 Thread-2 INFO The catalogB_status : UP
2021-05-01 02:51:00,672 Thread-3 INFO The orderA_status : UP
2021-05-01 02:51:00,673 Thread-1 INFO The catalogA_status : UP
2021-05-01 02:51:01,675 Thread-2 INFO The catalogB_status : UP
2021-05-01 02:51:01,675 Thread-4 INFO The orderB_status : UP
2021-05-01 02:51:01,675 Thread-3 INFO The orderA_status : UP
2021-05-01 02:51:01,676 Thread-1 INFO The catalogA_status : UP
2021-05-01 02:51:02,677 Thread-4 INFO The orderB_status : UP
2021-05-01 02:51:02,678 Thread-2 INFO The catalogB_status : UP
2021-05-01 02:51:02,678 Thread-3 INFO The orderA_status : UP
2021-05-01 02:51:02,679 Thread-1 INFO The catalogA_status : UP
2021-05-01 02:51:03,681 Thread-2 INFO The catalogB_status : UP
2021-05-01 02:51:03,681 Thread-4 INFO The orderB_status : UP
2021-05-01 02:51:03,681 Thread-3 INFO The orderA_status : UP
2021-05-01 02:51:03,682 Thread-1 INFO The catalogA_status : UP
2021-05-01 02:51:04,683 Thread-4 INFO The orderB_status : UP
2021-05-01 02:51:04,684 Thread-3 INFO The orderA_status : UP
2021-05-01 02:51:04,684 Thread-2 INFO The catalogB_status : UP
2021-05-01 02:51:04,685 Thread-1 INFO The catalogA_status : UP
2021-05-01 02:51:05,686 Thread-3 INFO The orderA_status : UP
2021-05-01 02:51:05,687 Thread-2 INFO The catalogB_status : UP
2021-05-01 02:51:05,687 Thread-4 INFO The orderB_status : UP
2021-05-01 02:51:05,688 Thread-1 INFO The catalogA_status : UP
2021-05-01 02:51:06,689 Thread-2 INFO The catalogB_status : UP
2021-05-01 02:51:06,690 Thread-4 INFO The orderB_status : UP
2021-05-01 02:51:06,690 Thread-3 INFO The orderA_status : UP
2021-05-01 02:51:06,691 Thread-1 INFO The catalogA_status : UP
2021-05-01 02:51:07,692 Thread-4 INFO The orderB_status : UP
2021-05-01 02:51:07,693 Thread-3 INFO The orderA_status : UP
2021-05-01 02:51:07,693 Thread-2 INFO The catalogB_status : UP
2021-05-01 02:51:07,694 Thread-1 INFO The catalogA_status : UP
2021-05-01 02:51:08,695 Thread-3 INFO The orderA_status : UP
2021-05-01 02:51:08,696 Thread-2 INFO The catalogB_status : UP
2021-05-01 02:51:08,696 Thread-4 INFO The orderB_status : UP
2021-05-01 02:51:08,697 Thread-1 INFO The catalogA_status : UP
2021-05-01 02:51:09,698 Thread-2 INFO The catalogB_status : UP
2021-05-01 02:51:09,699 Thread-4 INFO The orderB_status : UP
2021-05-01 02:51:09,699 Thread-3 INFO The orderA_status : UP
2021-05-01 02:51:09,700 Thread-1 INFO The catalogA_status : UP
2021-05-01 02:51:10,701 Thread-3 INFO The orderA_status : UP
2021-05-01 02:51:10,702 Thread-4 INFO The orderB_status : UP
2021-05-01 02:51:10,702 Thread-2 INFO The catalogB_status : UP
2021-05-01 02:51:10,703 Thread-1 INFO The catalogA_status : UP
2021-05-01 02:51:11,705 Thread-3 INFO The orderA_status : UP
2021-05-01 02:51:11,706 Thread-4 INFO The orderB_status : UP
2021-05-01 02:51:11,709 Thread-2 INFO The catalogB_status : UP
2021-05-01 02:51:11,713 Thread-1 INFO The catalogA_status : UP
2021-05-01 02:51:12,708 Thread-3 INFO The orderA_status : UP
2021-05-01 02:51:12,708 Thread-4 INFO The orderB_status : UP
2021-05-01 02:51:12,710 Thread-2 INFO The catalogB_status : UP
2021-05-01 02:51:12,715 Thread-1 INFO The catalogA_status : UP
2021-05-01 02:51:13,711 Thread-4 INFO The orderB_status : UP
2021-05-01 02:51:13,711 Thread-3 INFO The orderA_status : UP
2021-05-01 02:51:13,712 Thread-2 INFO The catalogB_status : UP
2021-05-01 02:51:13,717 Thread-1 INFO The catalogA_status : UP
2021-05-01 02:51:14,713 Thread-2 INFO The catalogB_status : UP
2021-05-01 02:51:14,714 Thread-4 INFO The orderB_status : UP
2021-05-01 02:51:14,714 Thread-3 INFO The orderA_status : UP
2021-05-01 02:51:14,719 Thread-1 INFO The catalogA_status : UP
